Build started 3/6/2016 4:36:26 PM.
     1>Project "C:\Users\Thomas\Documents\Visual Studio 2013\Projects\minesweeper\Project1\Project1.vcxproj" on node 2 (Build target(s)).
     1>ClCompile:
         C:\Program Files (x86)\Microsoft Visual Studio 12.0\VC\bin\CL.exe /c /I"C:\Users\Big Daddy\Documents\Visual Studio 2013\Projects\Project1\Project1" /ZI /nologo /W3 /WX- /sdl /Od /Oy- /D _MBCS /Gm /EHsc /RTC1 /MDd /GS /fp:precise /Zc:wchar_t /Zc:forScope /Fo"Debug\\" /Fd"Debug\vc120.pdb" /Gd /TP /analyze- /errorReport:prompt Subspace.cpp
         Subspace.cpp
     1>c:\users\thomas\documents\visual studio 2013\projects\minesweeper\project1\subspace.cpp(27): warning C4018: '<' : signed/unsigned mismatch
     1>c:\users\thomas\documents\visual studio 2013\projects\minesweeper\project1\subspace.cpp(82): warning C4018: '<' : signed/unsigned mismatch
     1>c:\users\thomas\documents\visual studio 2013\projects\minesweeper\project1\subspace.cpp(89): warning C4018: '<' : signed/unsigned mismatch
     1>c:\users\thomas\documents\visual studio 2013\projects\minesweeper\project1\subspace.cpp(97): warning C4018: '<' : signed/unsigned mismatch
     1>c:\users\thomas\documents\visual studio 2013\projects\minesweeper\project1\subspace.cpp(114): warning C4018: '<' : signed/unsigned mismatch
     1>c:\users\thomas\documents\visual studio 2013\projects\minesweeper\project1\subspace.cpp(131): warning C4018: '<' : signed/unsigned mismatch
     1>c:\users\thomas\documents\visual studio 2013\projects\minesweeper\project1\subspace.cpp(146): warning C4018: '<' : signed/unsigned mismatch
     1>c:\users\thomas\documents\visual studio 2013\projects\minesweeper\project1\subspace.cpp(153): warning C4172: returning address of local variable or temporary
       Link:
         C:\Program Files (x86)\Microsoft Visual Studio 12.0\VC\bin\link.exe /ERRORREPORT:PROMPT /OUT:"C:\Users\Thomas\Documents\Visual Studio 2013\Projects\minesweeper\Debug\MinesweeperSolver.exe" /INCREMENTAL /NOLOGO kernel32.lib user32.lib gdi32.lib winspool.lib comdlg32.lib advapi32.lib shell32.lib ole32.lib oleaut32.lib uuid.lib odbc32.lib odbccp32.lib /MANIFEST /MANIFESTUAC:"level='asInvoker' uiAccess='false'" /manifest:embed /DEBUG /PDB:"C:\Users\Thomas\Documents\Visual Studio 2013\Projects\minesweeper\Debug\MinesweeperSolver.pdb" /TLBID:1 /DYNAMICBASE /NXCOMPAT /IMPLIB:"C:\Users\Thomas\Documents\Visual Studio 2013\Projects\minesweeper\Debug\MinesweeperSolver.lib" /MACHINE:X86 Debug\Board.obj
         Debug\main.obj
         Debug\Subspace.obj
         Debug\SubspaceList.obj
         Project1.vcxproj -> C:\Users\Thomas\Documents\Visual Studio 2013\Projects\minesweeper\Debug\MinesweeperSolver.exe
     1>Done Building Project "C:\Users\Thomas\Documents\Visual Studio 2013\Projects\minesweeper\Project1\Project1.vcxproj" (Build target(s)).

Build succeeded.

Time Elapsed 00:00:00.58
